<?xml version="1.0" encoding="UTF-8"?>
<!-- Generated by org.testng.reporters.JUnitXMLReporter -->
<testsuite ignored="0" hostname="DESKTOP-EB740JR" failures="0" tests="5" name="Default test" time="19.827" errors="0" timestamp="2023-05-28T21:23:27 CEST">
  <testcase classname="BrowserStack.AutomatedTests" name="openWebsite" time="2.219"/>
  <testcase classname="BrowserStack.AutomatedTests" name="signIn" time="0.26"/>
  <testcase classname="BrowserStack.AutomatedTests" name="deleteArticles" time="7.832"/>
  <testcase classname="BrowserStack.AutomatedTests" name="createPost" time="3.322"/>
  <testcase classname="BrowserStack.AutomatedTests" name="addFavorite" time="6.149"/>
</testsuite> <!-- Default test -->
