<?xml version="1.0" encoding="UTF-8"?>
<!-- Generated by org.testng.reporters.JUnitXMLReporter -->
<testsuite ignored="0" hostname="DESKTOP-EB740JR" failures="0" tests="5" name="ToolsQA" time="19.371" errors="0" timestamp="2023-05-28T21:24:29 CEST">
  <testcase classname="BrowserStack.AutomatedTests" name="openWebsite" time="1.831"/>
  <testcase classname="BrowserStack.AutomatedTests" name="signIn" time="0.284"/>
  <testcase classname="BrowserStack.AutomatedTests" name="deleteArticles" time="7.829"/>
  <testcase classname="BrowserStack.AutomatedTests" name="createPost" time="3.237"/>
  <testcase classname="BrowserStack.AutomatedTests" name="addFavorite" time="6.145"/>
</testsuite> <!-- ToolsQA -->
