<?xml version="1.0" encoding="UTF-8"?>
<testng-results ignored="0" total="5" passed="5" failed="0" skipped="0">
  <reporter-output>
  </reporter-output>
  <suite started-at="2023-05-28T21:24:09 CEST" name="Test-Suite" finished-at="2023-05-28T21:24:29 CEST" duration-ms="19371">
    <groups>
    </groups>
    <test started-at="2023-05-28T21:24:09 CEST" name="ToolsQA" finished-at="2023-05-28T21:24:29 CEST" duration-ms="19371">
      <class name="BrowserStack.AutomatedTests">
        <test-method is-config="true" signature="beforeMethod()[pri:0, instance:BrowserStack.AutomatedTests@1fa268de]" started-at="2023-05-28T21:24:09 CEST" name="beforeMethod" finished-at="2023-05-28T21:24:09 CEST" duration-ms="4" status="PASS">
          <reporter-output>
          </reporter-output>
        </test-method> <!-- beforeMethod -->
        <test-method signature="openWebsite()[pri:1, instance:BrowserStack.AutomatedTests@1fa268de]" started-at="2023-05-28T21:24:09 CEST" name="openWebsite" finished-at="2023-05-28T21:24:11 CEST" duration-ms="1831" status="PASS">
          <reporter-output>
          </reporter-output>
        </test-method> <!-- openWebsite -->
        <test-method is-config="true" signature="afterMethod()[pri:0, instance:BrowserStack.AutomatedTests@1fa268de]" started-at="2023-05-28T21:24:11 CEST" name="afterMethod" finished-at="2023-05-28T21:24:11 CEST" duration-ms="1" status="PASS">
          <reporter-output>
          </reporter-output>
        </test-method> <!-- afterMethod -->
        <test-method is-config="true" signature="beforeMethod()[pri:0, instance:BrowserStack.AutomatedTests@1fa268de]" started-at="2023-05-28T21:24:11 CEST" name="beforeMethod" finished-at="2023-05-28T21:24:11 CEST" duration-ms="0" status="PASS">
          <reporter-output>
          </reporter-output>
        </test-method> <!-- beforeMethod -->
        <test-method signature="signIn()[pri:2, instance:BrowserStack.AutomatedTests@1fa268de]" started-at="2023-05-28T21:24:11 CEST" name="signIn" finished-at="2023-05-28T21:24:11 CEST" depends-on-methods="BrowserStack.AutomatedTests.openWebsite" duration-ms="284" status="PASS">
          <reporter-output>
          </reporter-output>
        </test-method> <!-- signIn -->
        <test-method is-config="true" signature="afterMethod()[pri:0, instance:BrowserStack.AutomatedTests@1fa268de]" started-at="2023-05-28T21:24:11 CEST" name="afterMethod" finished-at="2023-05-28T21:24:11 CEST" duration-ms="0" status="PASS">
          <reporter-output>
          </reporter-output>
        </test-method> <!-- afterMethod -->
        <test-method is-config="true" signature="beforeMethod()[pri:0, instance:BrowserStack.AutomatedTests@1fa268de]" started-at="2023-05-28T21:24:11 CEST" name="beforeMethod" finished-at="2023-05-28T21:24:11 CEST" duration-ms="0" status="PASS">
          <reporter-output>
          </reporter-output>
        </test-method> <!-- beforeMethod -->
        <test-method signature="deleteArticles()[pri:3, instance:BrowserStack.AutomatedTests@1fa268de]" started-at="2023-05-28T21:24:11 CEST" name="deleteArticles" finished-at="2023-05-28T21:24:19 CEST" depends-on-methods="BrowserStack.AutomatedTests.signIn" duration-ms="7829" status="PASS">
          <reporter-output>
          </reporter-output>
        </test-method> <!-- deleteArticles -->
        <test-method is-config="true" signature="afterMethod()[pri:0, instance:BrowserStack.AutomatedTests@1fa268de]" started-at="2023-05-28T21:24:19 CEST" name="afterMethod" finished-at="2023-05-28T21:24:19 CEST" duration-ms="0" status="PASS">
          <reporter-output>
          </reporter-output>
        </test-method> <!-- afterMethod -->
        <test-method signature="createPost()[pri:4, instance:BrowserStack.AutomatedTests@1fa268de]" started-at="2023-05-28T21:24:19 CEST" name="createPost" finished-at="2023-05-28T21:24:22 CEST" depends-on-methods="BrowserStack.AutomatedTests.signIn" duration-ms="3237" status="PASS">
          <reporter-output>
          </reporter-output>
        </test-method> <!-- createPost -->
        <test-method is-config="true" signature="beforeMethod()[pri:0, instance:BrowserStack.AutomatedTests@1fa268de]" started-at="2023-05-28T21:24:19 CEST" name="beforeMethod" finished-at="2023-05-28T21:24:19 CEST" duration-ms="0" status="PASS">
          <reporter-output>
          </reporter-output>
        </test-method> <!-- beforeMethod -->
        <test-method is-config="true" signature="afterMethod()[pri:0, instance:BrowserStack.AutomatedTests@1fa268de]" started-at="2023-05-28T21:24:22 CEST" name="afterMethod" finished-at="2023-05-28T21:24:22 CEST" duration-ms="1" status="PASS">
          <reporter-output>
          </reporter-output>
        </test-method> <!-- afterMethod -->
        <test-method is-config="true" signature="beforeMethod()[pri:0, instance:BrowserStack.AutomatedTests@1fa268de]" started-at="2023-05-28T21:24:22 CEST" name="beforeMethod" finished-at="2023-05-28T21:24:22 CEST" duration-ms="1" status="PASS">
          <reporter-output>
          </reporter-output>
        </test-method> <!-- beforeMethod -->
        <test-method signature="addFavorite()[pri:5, instance:BrowserStack.AutomatedTests@1fa268de]" started-at="2023-05-28T21:24:22 CEST" name="addFavorite" finished-at="2023-05-28T21:24:29 CEST" depends-on-methods="BrowserStack.AutomatedTests.createPost, BrowserStack.AutomatedTests.signIn" duration-ms="6145" status="PASS">
          <reporter-output>
          </reporter-output>
        </test-method> <!-- addFavorite -->
        <test-method is-config="true" signature="afterMethod()[pri:0, instance:BrowserStack.AutomatedTests@1fa268de]" started-at="2023-05-28T21:24:29 CEST" name="afterMethod" finished-at="2023-05-28T21:24:29 CEST" duration-ms="0" status="PASS">
          <reporter-output>
          </reporter-output>
        </test-method> <!-- afterMethod -->
        <test-method is-config="true" signature="afterSuite()[pri:0, instance:BrowserStack.AutomatedTests@1fa268de]" started-at="2023-05-28T21:24:29 CEST" name="afterSuite" finished-at="2023-05-28T21:24:29 CEST" duration-ms="148" status="PASS">
          <reporter-output>
          </reporter-output>
        </test-method> <!-- afterSuite -->
      </class> <!-- BrowserStack.AutomatedTests -->
    </test> <!-- ToolsQA -->
  </suite> <!-- Test-Suite -->
</testng-results>
